<?xml version="1.0" encoding="UTF-8"?>
<!-- Generated by org.testng.reporters.JUnitReportReporter -->
<testsuite hostname="DESKTOP-5U7TBQF" failures="0" tests="1" name="testPkg.TestCls" time="7.871" errors="0" timestamp="2022-12-04T12:21:01 IST" skipped="0">
  <testcase classname="testPkg.TestCls" name="test" time="7.871"/>
  <system-out/>
</testsuite> <!-- testPkg.TestCls -->
